
> app@0.1.0 dev
> next dev

 ⚠ Port 3000 is in use, using available port 3001 instead.
   ▲ Next.js 15.3.2
   - Local:        http://localhost:3001
   - Network:      http://100.111.51.77:3001
   - Environments: .env

 ✓ Starting...
It looks like you're trying to use TypeScript but do not have the required package(s) installed.
Installing dependencies

If you are not trying to use TypeScript, please remove the tsconfig.json file from your package root (and any TypeScript files in your app and pages directories).


Installing devDependencies (yarn):
- typescript
- @types/react
- @types/node

yarn add v1.22.22
warning package-lock.json found. Your project contains lock files generated by tools other than Yarn. It is advised not to mix package managers in order to avoid resolution inconsistencies caused by unsynchronized lock files. To clear this warning, remove package-lock.json.
[1/4] Resolving packages...
warning workspace-aggregator-485e2bee-aec6-46c5-8abc-b6deddab1df2 > bcrypt > @mapbox/node-pre-gyp > npmlog@5.0.1: This package is no longer supported.
warning workspace-aggregator-485e2bee-aec6-46c5-8abc-b6deddab1df2 > bcrypt > @mapbox/node-pre-gyp > rimraf@3.0.2: Rimraf versions prior to v4 are no longer supported
warning workspace-aggregator-485e2bee-aec6-46c5-8abc-b6deddab1df2 > bcrypt > @mapbox/node-pre-gyp > rimraf > glob@7.2.3: Glob versions prior to v9 are no longer supported
warning workspace-aggregator-485e2bee-aec6-46c5-8abc-b6deddab1df2 > bcrypt > @mapbox/node-pre-gyp > npmlog > gauge@3.0.2: This package is no longer supported.
warning workspace-aggregator-485e2bee-aec6-46c5-8abc-b6deddab1df2 > bcrypt > @mapbox/node-pre-gyp > npmlog > are-we-there-yet@2.0.0: This package is no longer supported.
warning workspace-aggregator-485e2bee-aec6-46c5-8abc-b6deddab1df2 > plotly.js > color-rgba > color-space > mumath@3.3.4: Redundant dependency in your project.
warning workspace-aggregator-485e2bee-aec6-46c5-8abc-b6deddab1df2 > bcrypt > @mapbox/node-pre-gyp > rimraf > glob > inflight@1.0.6: This module is not supported, and leaks memory. Do not use it. Check out lru-cache if you want a good and tested way to coalesce async requests by a key value, which is much more comprehensive and powerful.
[2/4] Fetching packages...
error Error: ENOENT: no such file or directory, open '/opt/hostedapp/node/yarn/cache/v6/npm-next-15.3.2-integrity/node_modules/next/.yarn-tarball.tgz'
info Visit https://yarnpkg.com/en/docs/cli/add for documentation about this command.
Failed to install required TypeScript dependencies, please install them manually to continue:
yarn add --exact --dev typescript @types/react @types/node

{
  command: 'yarn add --exact --dev typescript @types/react @types/node'
}
[?25h
