Starting up http-server, serving ./public

http-server version: 14.1.1

http-server settings: 
CORS: disabled
Cache: 3600 seconds
Connection Timeout: 120 seconds
Directory Listings: visible
AutoIndex: visible
Serve GZIP Files: false
Serve Brotli Files: false
Default File Extension: none

Available on:
  http://127.0.0.1:8081
  http://100.111.51.77:8081
Hit CTRL-C to stop the server

[Tue May 27 2025 11:21:22 GMT+0000 (Coordinated Universal Time)]  "GET /" "Mozilla/5.0 (X11; Linux x86_64) AppleWebKit/537.36 (KHTML, like Gecko) Chrome/135.0.0.0 Safari/537.36"
(node:5657) [DEP0066] DeprecationWarning: OutgoingMessage.prototype._headers is deprecated
(Use `node --trace-deprecation ...` to show where the warning was created)
[Tue May 27 2025 11:21:23 GMT+0000 (Coordinated Universal Time)]  "GET /favicon.ico" "Mozilla/5.0 (X11; Linux x86_64) AppleWebKit/537.36 (KHTML, like Gecko) Chrome/135.0.0.0 Safari/537.36"
[Tue May 27 2025 11:21:23 GMT+0000 (Coordinated Universal Time)]  "GET /favicon.ico" Error (404): "Not found"
